INFO:  latexindent.exe version 3.9.1, 2021-03-21, a script to indent .tex files
       latexindent.exe lives here: D:/app/texlive/2021/bin/win32/
       Tue Mar 28 19:09:50 2023
       Filename: d:\OneDrive - Université d'Orléans\cours\PARCE QUE C'EST PAS NOTRE PROJEEETTTT\S7\Présentations\Soutenance 29-03-2023\LaTeX\section\section1\part4.tex
INFO:  Processing switches:
INFO:  Directory for backup files and indent.log: d:\OneDrive - Université d'Orléans\cours\PARCE QUE C'EST PAS NOTRE PROJEEETTTT\S7\Présentations\Soutenance 29-03-2023\LaTeX\section\section1
INFO:  YAML settings read: defaultSettings.yaml
        Reading defaultSettings.yaml from D:/app/texlive/2021/bin/win32/defaultSettings.yaml
       Reading defaultSettings.yaml (2nd attempt, TeXLive, Windows) from D:/app/texlive/2021/bin/win32/../../texmf-dist/scripts/latexindent/defaultSettings.yaml
INFO:  YAML settings read: indentconfig.yaml or .indentconfig.yaml
       Home directory is C:\Users\alexa (didn't find either indentconfig.yaml or .indentconfig.yaml)
       To specify user settings you would put indentconfig.yaml here: C:\Users\alexa/indentconfig.yaml
       Alternatively, you can use the hidden file .indentconfig.yaml as: C:\Users\alexa/.indentconfig.yaml
INFO:  Phase 1: searching for objects
INFO:  Phase 2: finding surrounding indentation
INFO:  Phase 3: indenting objects
INFO:  Phase 4: final indentation check
INFO:  Output routine:
       Not outputting to file; see -w and -o switches for more options.
       --------------
INFO:  Please direct all communication/issues to:
        https://github.com/cmhughes/latexindent.pl
